<?xml version="1.0" encoding="UTF-8"?>
<coverage generated="1539668808017" clover="3.2.0">
  <project timestamp="1539668808017" name="All files">
    <metrics statements="73" coveredstatements="67" conditionals="31" coveredconditionals="29" methods="21" coveredmethods="17" elements="125" coveredelements="113" complexity="0" loc="73" ncloc="73" packages="6" files="9" classes="9">
      <package name="__test__">
        <metrics statements="1" coveredstatements="1" conditionals="0" coveredconditionals="0" methods="0" coveredmethods="0"/>
        <file name="setupTests.js" path="D:\react-prac\my-react-app\slot-machine\__test__\setupTests.js">
          <metrics statements="1" coveredstatements="1" conditionals="0" coveredconditionals="0" methods="0" coveredmethods="0"/>
          <line num="4" count="4" type="stmt"/>
        </file>
      </package>
      <package name="src.actions">
        <metrics statements="10" coveredstatements="10" conditionals="0" coveredconditionals="0" methods="10" coveredmethods="10"/>
        <file name="slotActions.js" path="D:\react-prac\my-react-app\slot-machine\src\actions\slotActions.js">
          <metrics statements="10" coveredstatements="10" conditionals="0" coveredconditionals="0" methods="10" coveredmethods="10"/>
          <line num="4" count="2" type="stmt"/>
          <line num="11" count="2" type="stmt"/>
          <line num="17" count="1" type="stmt"/>
          <line num="22" count="1" type="stmt"/>
          <line num="28" count="2" type="stmt"/>
          <line num="36" count="2" type="stmt"/>
          <line num="44" count="1" type="stmt"/>
          <line num="50" count="2" type="stmt"/>
          <line num="57" count="1" type="stmt"/>
          <line num="63" count="5" type="stmt"/>
        </file>
      </package>
      <package name="src.reducers">
        <metrics statements="23" coveredstatements="22" conditionals="13" coveredconditionals="12" methods="1" coveredmethods="1"/>
        <file name="slotMachineReducer.js" path="D:\react-prac\my-react-app\slot-machine\src\reducers\slotMachineReducer.js">
          <metrics statements="23" coveredstatements="22" conditionals="13" coveredconditionals="12" methods="1" coveredmethods="1"/>
          <line num="6" count="1" type="stmt"/>
          <line num="17" count="10" type="cond" truecount="6" falsecount="0"/>
          <line num="19" count="1" type="stmt"/>
          <line num="23" count="1" type="stmt"/>
          <line num="24" count="1" type="stmt"/>
          <line num="25" count="1" type="stmt"/>
          <line num="26" count="3" type="stmt"/>
          <line num="28" count="1" type="stmt"/>
          <line num="31" count="1" type="stmt"/>
          <line num="34" count="1" type="stmt"/>
          <line num="35" count="1" type="cond" truecount="1" falsecount="1"/>
          <line num="36" count="0" type="stmt"/>
          <line num="38" count="1" type="stmt"/>
          <line num="41" count="1" type="stmt"/>
          <line num="44" count="4" type="stmt"/>
          <line num="45" count="4" type="stmt"/>
          <line num="46" count="4" type="stmt"/>
          <line num="47" count="4" type="cond" truecount="2" falsecount="0"/>
          <line num="48" count="1" type="stmt"/>
          <line num="50" count="4" type="cond" truecount="2" falsecount="0"/>
          <line num="51" count="1" type="stmt"/>
          <line num="53" count="4" type="stmt"/>
          <line num="56" count="1" type="stmt"/>
        </file>
      </package>
      <package name="src.resources.data">
        <metrics statements="1" coveredstatements="1" conditionals="0" coveredconditionals="0" methods="0" coveredmethods="0"/>
        <file name="data.js" path="D:\react-prac\my-react-app\slot-machine\src\resources\data\data.js">
          <metrics statements="1" coveredstatements="1" conditionals="0" coveredconditionals="0" methods="0" coveredmethods="0"/>
          <line num="1" count="3" type="stmt"/>
        </file>
      </package>
      <package name="src.utils">
        <metrics statements="27" coveredstatements="26" conditionals="10" coveredconditionals="9" methods="2" coveredmethods="2"/>
        <file name="actionNames.js" path="D:\react-prac\my-react-app\slot-machine\src\utils\actionNames.js">
          <metrics statements="10" coveredstatements="10" conditionals="0" coveredconditionals="0" methods="0" coveredmethods="0"/>
          <line num="2" count="3" type="stmt"/>
          <line num="3" count="3" type="stmt"/>
          <line num="4" count="3" type="stmt"/>
          <line num="5" count="3" type="stmt"/>
          <line num="6" count="3" type="stmt"/>
          <line num="7" count="3" type="stmt"/>
          <line num="8" count="3" type="stmt"/>
          <line num="9" count="3" type="stmt"/>
          <line num="10" count="3" type="stmt"/>
          <line num="11" count="3" type="stmt"/>
        </file>
        <file name="constants.js" path="D:\react-prac\my-react-app\slot-machine\src\utils\constants.js">
          <metrics statements="9" coveredstatements="9" conditionals="0" coveredconditionals="0" methods="0" coveredmethods="0"/>
          <line num="1" count="3" type="stmt"/>
          <line num="2" count="3" type="stmt"/>
          <line num="3" count="3" type="stmt"/>
          <line num="4" count="3" type="stmt"/>
          <line num="5" count="3" type="stmt"/>
          <line num="6" count="3" type="stmt"/>
          <line num="7" count="3" type="stmt"/>
          <line num="8" count="3" type="stmt"/>
          <line num="9" count="3" type="stmt"/>
        </file>
        <file name="helperFunction.js" path="D:\react-prac\my-react-app\slot-machine\src\utils\helperFunction.js">
          <metrics statements="8" coveredstatements="7" conditionals="10" coveredconditionals="9" methods="2" coveredmethods="2"/>
          <line num="4" count="6" type="stmt"/>
          <line num="8" count="8" type="cond" truecount="3" falsecount="1"/>
          <line num="9" count="0" type="stmt"/>
          <line num="11" count="8" type="cond" truecount="4" falsecount="0"/>
          <line num="12" count="2" type="stmt"/>
          <line num="14" count="6" type="cond" truecount="2" falsecount="0"/>
          <line num="15" count="2" type="stmt"/>
          <line num="18" count="4" type="stmt"/>
        </file>
      </package>
      <package name="src.view">
        <metrics statements="11" coveredstatements="7" conditionals="8" coveredconditionals="8" methods="8" coveredmethods="4"/>
        <file name="roller.js" path="D:\react-prac\my-react-app\slot-machine\src\view\roller.js">
          <metrics statements="2" coveredstatements="2" conditionals="2" coveredconditionals="2" methods="1" coveredmethods="1"/>
          <line num="6" count="2" type="stmt"/>
          <line num="7" count="2" type="stmt"/>
        </file>
        <file name="slotContainer.js" path="D:\react-prac\my-react-app\slot-machine\src\view\slotContainer.js">
          <metrics statements="9" coveredstatements="5" conditionals="6" coveredconditionals="6" methods="7" coveredmethods="3"/>
          <line num="9" count="6" type="stmt"/>
          <line num="15" count="6" type="stmt"/>
          <line num="16" count="6" type="stmt"/>
          <line num="17" count="15" type="stmt"/>
          <line num="21" count="6" type="stmt"/>
          <line num="52" count="0" type="stmt"/>
          <line num="61" count="0" type="stmt"/>
          <line num="69" count="0" type="stmt"/>
          <line num="72" count="0" type="stmt"/>
        </file>
      </package>
    </metrics>
  </project>
</coverage>
