{"D:\\react-prac\\my-react-app\\slot-machine\\__test__\\setupTests.js": {"path":"D:\\react-prac\\my-react-app\\slot-machine\\__test__\\setupTests.js","statementMap":{"0":{"start":{"line":4,"column":0},"end":{"line":4,"column":38}}},"fnMap":{},"branchMap":{},"s":{"0":4},"f":{},"b":{},"_coverageSchema":"332fd63041d2c1bcb487cc26dd0d5f7d97098a6c","hash":"d5ba79bc2c8ab40d0dc5f4b421208634edd32ce0"}
,"D:\\react-prac\\my-react-app\\slot-machine\\src\\actions\\slotActions.js": {"path":"D:\\react-prac\\my-react-app\\slot-machine\\src\\actions\\slotActions.js","statementMap":{"0":{"start":{"line":4,"column":4},"end":{"line":7,"column":5}},"1":{"start":{"line":11,"column":4},"end":{"line":13,"column":5}},"2":{"start":{"line":17,"column":4},"end":{"line":19,"column":5}},"3":{"start":{"line":22,"column":4},"end":{"line":24,"column":5}},"4":{"start":{"line":28,"column":4},"end":{"line":32,"column":5}},"5":{"start":{"line":36,"column":4},"end":{"line":40,"column":5}},"6":{"start":{"line":44,"column":4},"end":{"line":46,"column":5}},"7":{"start":{"line":50,"column":4},"end":{"line":53,"column":5}},"8":{"start":{"line":57,"column":4},"end":{"line":59,"column":5}},"9":{"start":{"line":63,"column":4},"end":{"line":65,"column":5}}},"fnMap":{"0":{"name":"setRollerData","decl":{"start":{"line":3,"column":16},"end":{"line":3,"column":29}},"loc":{"start":{"line":3,"column":42},"end":{"line":8,"column":1}},"line":3},"1":{"name":"setSlotElements","decl":{"start":{"line":10,"column":16},"end":{"line":10,"column":31}},"loc":{"start":{"line":10,"column":33},"end":{"line":14,"column":1}},"line":10},"2":{"name":"waitToStartSpin","decl":{"start":{"line":16,"column":16},"end":{"line":16,"column":31}},"loc":{"start":{"line":16,"column":34},"end":{"line":20,"column":1}},"line":16},"3":{"name":"startSpin","decl":{"start":{"line":21,"column":16},"end":{"line":21,"column":25}},"loc":{"start":{"line":21,"column":28},"end":{"line":25,"column":1}},"line":21},"4":{"name":"setWaitToSpinData","decl":{"start":{"line":27,"column":16},"end":{"line":27,"column":33}},"loc":{"start":{"line":27,"column":67},"end":{"line":33,"column":1}},"line":27},"5":{"name":"setSpinningData","decl":{"start":{"line":35,"column":16},"end":{"line":35,"column":31}},"loc":{"start":{"line":35,"column":59},"end":{"line":41,"column":1}},"line":35},"6":{"name":"spinningStarted","decl":{"start":{"line":43,"column":16},"end":{"line":43,"column":31}},"loc":{"start":{"line":43,"column":34},"end":{"line":47,"column":1}},"line":43},"7":{"name":"setStopSpinningData","decl":{"start":{"line":49,"column":16},"end":{"line":49,"column":35}},"loc":{"start":{"line":49,"column":53},"end":{"line":54,"column":1}},"line":49},"8":{"name":"stopSpinning","decl":{"start":{"line":56,"column":16},"end":{"line":56,"column":28}},"loc":{"start":{"line":56,"column":31},"end":{"line":60,"column":1}},"line":56},"9":{"name":"spinningStopped","decl":{"start":{"line":62,"column":16},"end":{"line":62,"column":31}},"loc":{"start":{"line":62,"column":34},"end":{"line":66,"column":1}},"line":62}},"branchMap":{},"s":{"0":2,"1":2,"2":1,"3":1,"4":2,"5":2,"6":1,"7":2,"8":1,"9":5},"f":{"0":2,"1":2,"2":1,"3":1,"4":2,"5":2,"6":1,"7":2,"8":1,"9":5},"b":{},"_coverageSchema":"332fd63041d2c1bcb487cc26dd0d5f7d97098a6c","hash":"2ac8c29ffa4b94f7fd53a26cfa9014decd0b36cc"}
,"D:\\react-prac\\my-react-app\\slot-machine\\src\\reducers\\slotMachineReducer.js": {"path":"D:\\react-prac\\my-react-app\\slot-machine\\src\\reducers\\slotMachineReducer.js","statementMap":{"0":{"start":{"line":6,"column":21},"end":{"line":14,"column":2}},"1":{"start":{"line":17,"column":4},"end":{"line":55,"column":5}},"2":{"start":{"line":19,"column":12},"end":{"line":19,"column":62}},"3":{"start":{"line":23,"column":34},"end":{"line":23,"column":36}},"4":{"start":{"line":24,"column":37},"end":{"line":24,"column":60}},"5":{"start":{"line":25,"column":20},"end":{"line":27,"column":21}},"6":{"start":{"line":26,"column":24},"end":{"line":26,"column":89}},"7":{"start":{"line":28,"column":20},"end":{"line":28,"column":57}},"8":{"start":{"line":31,"column":12},"end":{"line":31,"column":117}},"9":{"start":{"line":34,"column":39},"end":{"line":34,"column":69}},"10":{"start":{"line":35,"column":12},"end":{"line":37,"column":13}},"11":{"start":{"line":36,"column":16},"end":{"line":36,"column":45}},"12":{"start":{"line":38,"column":12},"end":{"line":38,"column":157}},"13":{"start":{"line":41,"column":12},"end":{"line":41,"column":68}},"14":{"start":{"line":44,"column":33},"end":{"line":44,"column":57}},"15":{"start":{"line":45,"column":33},"end":{"line":45,"column":57}},"16":{"start":{"line":46,"column":25},"end":{"line":46,"column":66}},"17":{"start":{"line":47,"column":12},"end":{"line":49,"column":13}},"18":{"start":{"line":48,"column":16},"end":{"line":48,"column":39}},"19":{"start":{"line":50,"column":12},"end":{"line":52,"column":13}},"20":{"start":{"line":51,"column":16},"end":{"line":51,"column":39}},"21":{"start":{"line":53,"column":12},"end":{"line":53,"column":123}},"22":{"start":{"line":56,"column":4},"end":{"line":56,"column":17}}},"fnMap":{"0":{"name":"SlotMachineReducer","decl":{"start":{"line":16,"column":16},"end":{"line":16,"column":34}},"loc":{"start":{"line":16,"column":64},"end":{"line":57,"column":1}},"line":16}},"branchMap":{"0":{"loc":{"start":{"line":16,"column":35},"end":{"line":16,"column":55}},"type":"default-arg","locations":[{"start":{"line":16,"column":43},"end":{"line":16,"column":55}}],"line":16},"1":{"loc":{"start":{"line":17,"column":4},"end":{"line":55,"column":5}},"type":"switch","locations":[{"start":{"line":18,"column":8},"end":{"line":21,"column":9}},{"start":{"line":22,"column":8},"end":{"line":29,"column":9}},{"start":{"line":30,"column":8},"end":{"line":32,"column":9}},{"start":{"line":33,"column":8},"end":{"line":39,"column":9}},{"start":{"line":40,"column":8},"end":{"line":42,"column":9}},{"start":{"line":43,"column":8},"end":{"line":54,"column":9}}],"line":17},"2":{"loc":{"start":{"line":35,"column":12},"end":{"line":37,"column":13}},"type":"if","locations":[{"start":{"line":35,"column":12},"end":{"line":37,"column":13}},{"start":{"line":35,"column":12},"end":{"line":37,"column":13}}],"line":35},"3":{"loc":{"start":{"line":47,"column":12},"end":{"line":49,"column":13}},"type":"if","locations":[{"start":{"line":47,"column":12},"end":{"line":49,"column":13}},{"start":{"line":47,"column":12},"end":{"line":49,"column":13}}],"line":47},"4":{"loc":{"start":{"line":50,"column":12},"end":{"line":52,"column":13}},"type":"if","locations":[{"start":{"line":50,"column":12},"end":{"line":52,"column":13}},{"start":{"line":50,"column":12},"end":{"line":52,"column":13}}],"line":50}},"s":{"0":1,"1":10,"2":1,"3":1,"4":1,"5":1,"6":3,"7":1,"8":1,"9":1,"10":1,"11":0,"12":1,"13":1,"14":4,"15":4,"16":4,"17":4,"18":1,"19":4,"20":1,"21":4,"22":1},"f":{"0":10},"b":{"0":[1],"1":[1,1,1,1,1,4],"2":[0,1],"3":[1,3],"4":[1,3]},"_coverageSchema":"332fd63041d2c1bcb487cc26dd0d5f7d97098a6c","hash":"36d522b1ca2412de39ec3d45a49087ecfff15d0c"}
,"D:\\react-prac\\my-react-app\\slot-machine\\src\\resources\\data\\data.js": {"path":"D:\\react-prac\\my-react-app\\slot-machine\\src\\resources\\data\\data.js","statementMap":{"0":{"start":{"line":1,"column":26},"end":{"line":18,"column":1}}},"fnMap":{},"branchMap":{},"s":{"0":3},"f":{},"b":{},"_coverageSchema":"332fd63041d2c1bcb487cc26dd0d5f7d97098a6c","hash":"43c3fc69f749004d6c82392228bb35bf817cbb09"}
,"D:\\react-prac\\my-react-app\\slot-machine\\src\\utils\\actionNames.js": {"path":"D:\\react-prac\\my-react-app\\slot-machine\\src\\utils\\actionNames.js","statementMap":{"0":{"start":{"line":2,"column":29},"end":{"line":2,"column":46}},"1":{"start":{"line":3,"column":31},"end":{"line":3,"column":49}},"2":{"start":{"line":4,"column":32},"end":{"line":4,"column":52}},"3":{"start":{"line":5,"column":30},"end":{"line":5,"column":48}},"4":{"start":{"line":6,"column":24},"end":{"line":6,"column":36}},"5":{"start":{"line":7,"column":26},"end":{"line":7,"column":40}},"6":{"start":{"line":8,"column":30},"end":{"line":8,"column":48}},"7":{"start":{"line":9,"column":31},"end":{"line":9,"column":50}},"8":{"start":{"line":10,"column":27},"end":{"line":10,"column":42}},"9":{"start":{"line":11,"column":30},"end":{"line":11,"column":48}}},"fnMap":{},"branchMap":{},"s":{"0":3,"1":3,"2":3,"3":3,"4":3,"5":3,"6":3,"7":3,"8":3,"9":3},"f":{},"b":{},"_coverageSchema":"332fd63041d2c1bcb487cc26dd0d5f7d97098a6c","hash":"f4ce0b1284e774d5ca3f28d230779cac49502198"}
,"D:\\react-prac\\my-react-app\\slot-machine\\src\\utils\\constants.js": {"path":"D:\\react-prac\\my-react-app\\slot-machine\\src\\utils\\constants.js","statementMap":{"0":{"start":{"line":1,"column":30},"end":{"line":1,"column":31}},"1":{"start":{"line":2,"column":35},"end":{"line":2,"column":36}},"2":{"start":{"line":3,"column":25},"end":{"line":3,"column":27}},"3":{"start":{"line":4,"column":32},"end":{"line":4,"column":36}},"4":{"start":{"line":5,"column":31},"end":{"line":5,"column":36}},"5":{"start":{"line":6,"column":26},"end":{"line":6,"column":40}},"6":{"start":{"line":7,"column":27},"end":{"line":7,"column":40}},"7":{"start":{"line":8,"column":26},"end":{"line":8,"column":39}},"8":{"start":{"line":9,"column":23},"end":{"line":9,"column":41}}},"fnMap":{},"branchMap":{},"s":{"0":3,"1":3,"2":3,"3":3,"4":3,"5":3,"6":3,"7":3,"8":3},"f":{},"b":{},"_coverageSchema":"332fd63041d2c1bcb487cc26dd0d5f7d97098a6c","hash":"d2265cc3c26d25a5c26e2ce1a36da27e0974cb08"}
,"D:\\react-prac\\my-react-app\\slot-machine\\src\\utils\\helperFunction.js": {"path":"D:\\react-prac\\my-react-app\\slot-machine\\src\\utils\\helperFunction.js","statementMap":{"0":{"start":{"line":4,"column":4},"end":{"line":4,"column":84}},"1":{"start":{"line":8,"column":4},"end":{"line":19,"column":5}},"2":{"start":{"line":9,"column":8},"end":{"line":9,"column":36}},"3":{"start":{"line":11,"column":9},"end":{"line":19,"column":5}},"4":{"start":{"line":12,"column":8},"end":{"line":12,"column":37}},"5":{"start":{"line":14,"column":9},"end":{"line":19,"column":5}},"6":{"start":{"line":15,"column":8},"end":{"line":15,"column":36}},"7":{"start":{"line":18,"column":8},"end":{"line":18,"column":33}}},"fnMap":{"0":{"name":"generateRandomSlotItem","decl":{"start":{"line":3,"column":16},"end":{"line":3,"column":38}},"loc":{"start":{"line":3,"column":41},"end":{"line":5,"column":1}},"line":3},"1":{"name":"getResult","decl":{"start":{"line":7,"column":16},"end":{"line":7,"column":25}},"loc":{"start":{"line":7,"column":34},"end":{"line":20,"column":1}},"line":7}},"branchMap":{"0":{"loc":{"start":{"line":8,"column":4},"end":{"line":19,"column":5}},"type":"if","locations":[{"start":{"line":8,"column":4},"end":{"line":19,"column":5}},{"start":{"line":8,"column":4},"end":{"line":19,"column":5}}],"line":8},"1":{"loc":{"start":{"line":8,"column":7},"end":{"line":8,"column":75}},"type":"binary-expr","locations":[{"start":{"line":8,"column":7},"end":{"line":8,"column":38}},{"start":{"line":8,"column":42},"end":{"line":8,"column":75}}],"line":8},"2":{"loc":{"start":{"line":11,"column":9},"end":{"line":19,"column":5}},"type":"if","locations":[{"start":{"line":11,"column":9},"end":{"line":19,"column":5}},{"start":{"line":11,"column":9},"end":{"line":19,"column":5}}],"line":11},"3":{"loc":{"start":{"line":11,"column":12},"end":{"line":11,"column":80}},"type":"binary-expr","locations":[{"start":{"line":11,"column":12},"end":{"line":11,"column":43}},{"start":{"line":11,"column":47},"end":{"line":11,"column":80}}],"line":11},"4":{"loc":{"start":{"line":14,"column":9},"end":{"line":19,"column":5}},"type":"if","locations":[{"start":{"line":14,"column":9},"end":{"line":19,"column":5}},{"start":{"line":14,"column":9},"end":{"line":19,"column":5}}],"line":14}},"s":{"0":6,"1":8,"2":0,"3":8,"4":2,"5":6,"6":2,"7":4},"f":{"0":6,"1":8},"b":{"0":[0,8],"1":[8,2],"2":[2,6],"3":[8,6],"4":[2,4]},"_coverageSchema":"332fd63041d2c1bcb487cc26dd0d5f7d97098a6c","hash":"f586b650d30c0ab7685a3325f2edff9e44c118fc"}
,"D:\\react-prac\\my-react-app\\slot-machine\\src\\view\\roller.js": {"path":"D:\\react-prac\\my-react-app\\slot-machine\\src\\view\\roller.js","statementMap":{"0":{"start":{"line":6,"column":23},"end":{"line":6,"column":45}},"1":{"start":{"line":7,"column":8},"end":{"line":9,"column":10}}},"fnMap":{"0":{"name":"(anonymous_0)","decl":{"start":{"line":5,"column":4},"end":{"line":5,"column":5}},"loc":{"start":{"line":5,"column":13},"end":{"line":10,"column":5}},"line":5}},"branchMap":{"0":{"loc":{"start":{"line":8,"column":79},"end":{"line":8,"column":144}},"type":"cond-expr","locations":[{"start":{"line":8,"column":109},"end":{"line":8,"column":136}},{"start":{"line":8,"column":139},"end":{"line":8,"column":144}}],"line":8}},"s":{"0":2,"1":2},"f":{"0":2},"b":{"0":[1,1]},"_coverageSchema":"332fd63041d2c1bcb487cc26dd0d5f7d97098a6c","hash":"9f450dcc6e84f27fa0d21bf9c74420a2a6a8f6a3"}
,"D:\\react-prac\\my-react-app\\slot-machine\\src\\view\\slotContainer.js": {"path":"D:\\react-prac\\my-react-app\\slot-machine\\src\\view\\slotContainer.js","statementMap":{"0":{"start":{"line":9,"column":8},"end":{"line":9,"column":21}},"1":{"start":{"line":15,"column":24},"end":{"line":15,"column":26}},"2":{"start":{"line":16,"column":8},"end":{"line":20,"column":11}},"3":{"start":{"line":17,"column":12},"end":{"line":19,"column":14}},"4":{"start":{"line":21,"column":8},"end":{"line":47,"column":10}},"5":{"start":{"line":52,"column":8},"end":{"line":58,"column":9}},"6":{"start":{"line":61,"column":8},"end":{"line":74,"column":9}},"7":{"start":{"line":69,"column":16},"end":{"line":69,"column":46}},"8":{"start":{"line":72,"column":16},"end":{"line":72,"column":49}}},"fnMap":{"0":{"name":"(anonymous_0)","decl":{"start":{"line":8,"column":4},"end":{"line":8,"column":5}},"loc":{"start":{"line":8,"column":23},"end":{"line":12,"column":5}},"line":8},"1":{"name":"(anonymous_1)","decl":{"start":{"line":14,"column":4},"end":{"line":14,"column":5}},"loc":{"start":{"line":14,"column":13},"end":{"line":48,"column":5}},"line":14},"2":{"name":"(anonymous_2)","decl":{"start":{"line":16,"column":35},"end":{"line":16,"column":36}},"loc":{"start":{"line":16,"column":55},"end":{"line":20,"column":9}},"line":16},"3":{"name":"(anonymous_3)","decl":{"start":{"line":51,"column":4},"end":{"line":51,"column":5}},"loc":{"start":{"line":51,"column":23},"end":{"line":59,"column":5}},"line":51},"4":{"name":"(anonymous_4)","decl":{"start":{"line":60,"column":4},"end":{"line":60,"column":5}},"loc":{"start":{"line":60,"column":16},"end":{"line":75,"column":5}},"line":60},"5":{"name":"(anonymous_5)","decl":{"start":{"line":68,"column":21},"end":{"line":68,"column":22}},"loc":{"start":{"line":68,"column":27},"end":{"line":70,"column":13}},"line":68},"6":{"name":"(anonymous_6)","decl":{"start":{"line":71,"column":20},"end":{"line":71,"column":21}},"loc":{"start":{"line":71,"column":26},"end":{"line":73,"column":13}},"line":71}},"branchMap":{"0":{"loc":{"start":{"line":28,"column":73},"end":{"line":28,"column":128}},"type":"cond-expr","locations":[{"start":{"line":28,"column":95},"end":{"line":28,"column":123}},{"start":{"line":28,"column":126},"end":{"line":28,"column":128}}],"line":28},"1":{"loc":{"start":{"line":34,"column":73},"end":{"line":34,"column":129}},"type":"cond-expr","locations":[{"start":{"line":34,"column":96},"end":{"line":34,"column":124}},{"start":{"line":34,"column":127},"end":{"line":34,"column":129}}],"line":34},"2":{"loc":{"start":{"line":40,"column":18},"end":{"line":44,"column":26}},"type":"cond-expr","locations":[{"start":{"line":41,"column":24},"end":{"line":43,"column":30}},{"start":{"line":44,"column":22},"end":{"line":44,"column":26}}],"line":40}},"s":{"0":6,"1":6,"2":6,"3":15,"4":6,"5":0,"6":0,"7":0,"8":0},"f":{"0":6,"1":6,"2":15,"3":0,"4":0,"5":0,"6":0},"b":{"0":[2,4],"1":[4,2],"2":[2,4]},"_coverageSchema":"332fd63041d2c1bcb487cc26dd0d5f7d97098a6c","hash":"26febe4e6558ce262ba9338238d480b693b5958c"}
}
