TN:
SF:D:\react-prac\my-react-app\slot-machine\__test__\setupTests.js
FNF:0
FNH:0
DA:4,4
LF:1
LH:1
BRF:0
BRH:0
end_of_record
TN:
SF:D:\react-prac\my-react-app\slot-machine\src\actions\slotActions.js
FN:3,setRollerData
FN:10,setSlotElements
FN:16,waitToStartSpin
FN:21,startSpin
FN:27,setWaitToSpinData
FN:35,setSpinningData
FN:43,spinningStarted
FN:49,setStopSpinningData
FN:56,stopSpinning
FN:62,spinningStopped
FNF:10
FNH:10
FNDA:2,setRollerData
FNDA:2,setSlotElements
FNDA:1,waitToStartSpin
FNDA:1,startSpin
FNDA:2,setWaitToSpinData
FNDA:2,setSpinningData
FNDA:1,spinningStarted
FNDA:2,setStopSpinningData
FNDA:1,stopSpinning
FNDA:5,spinningStopped
DA:4,2
DA:11,2
DA:17,1
DA:22,1
DA:28,2
DA:36,2
DA:44,1
DA:50,2
DA:57,1
DA:63,5
LF:10
LH:10
BRF:0
BRH:0
end_of_record
TN:
SF:D:\react-prac\my-react-app\slot-machine\src\reducers\slotMachineReducer.js
FN:16,SlotMachineReducer
FNF:1
FNH:1
FNDA:10,SlotMachineReducer
DA:6,1
DA:17,10
DA:19,1
DA:23,1
DA:24,1
DA:25,1
DA:26,3
DA:28,1
DA:31,1
DA:34,1
DA:35,1
DA:36,0
DA:38,1
DA:41,1
DA:44,4
DA:45,4
DA:46,4
DA:47,4
DA:48,1
DA:50,4
DA:51,1
DA:53,4
DA:56,1
LF:23
LH:22
BRDA:16,0,0,1
BRDA:17,1,0,1
BRDA:17,1,1,1
BRDA:17,1,2,1
BRDA:17,1,3,1
BRDA:17,1,4,1
BRDA:17,1,5,4
BRDA:35,2,0,0
BRDA:35,2,1,1
BRDA:47,3,0,1
BRDA:47,3,1,3
BRDA:50,4,0,1
BRDA:50,4,1,3
BRF:13
BRH:12
end_of_record
TN:
SF:D:\react-prac\my-react-app\slot-machine\src\resources\data\data.js
FNF:0
FNH:0
DA:1,3
LF:1
LH:1
BRF:0
BRH:0
end_of_record
TN:
SF:D:\react-prac\my-react-app\slot-machine\src\utils\actionNames.js
FNF:0
FNH:0
DA:2,3
DA:3,3
DA:4,3
DA:5,3
DA:6,3
DA:7,3
DA:8,3
DA:9,3
DA:10,3
DA:11,3
LF:10
LH:10
BRF:0
BRH:0
end_of_record
TN:
SF:D:\react-prac\my-react-app\slot-machine\src\utils\constants.js
FNF:0
FNH:0
DA:1,3
DA:2,3
DA:3,3
DA:4,3
DA:5,3
DA:6,3
DA:7,3
DA:8,3
DA:9,3
LF:9
LH:9
BRF:0
BRH:0
end_of_record
TN:
SF:D:\react-prac\my-react-app\slot-machine\src\utils\helperFunction.js
FN:3,generateRandomSlotItem
FN:7,getResult
FNF:2
FNH:2
FNDA:6,generateRandomSlotItem
FNDA:8,getResult
DA:4,6
DA:8,8
DA:9,0
DA:11,8
DA:12,2
DA:14,6
DA:15,2
DA:18,4
LF:8
LH:7
BRDA:8,0,0,0
BRDA:8,0,1,8
BRDA:8,1,0,8
BRDA:8,1,1,2
BRDA:11,2,0,2
BRDA:11,2,1,6
BRDA:11,3,0,8
BRDA:11,3,1,6
BRDA:14,4,0,2
BRDA:14,4,1,4
BRF:10
BRH:9
end_of_record
TN:
SF:D:\react-prac\my-react-app\slot-machine\src\view\roller.js
FN:5,(anonymous_0)
FNF:1
FNH:1
FNDA:2,(anonymous_0)
DA:6,2
DA:7,2
LF:2
LH:2
BRDA:8,0,0,1
BRDA:8,0,1,1
BRF:2
BRH:2
end_of_record
TN:
SF:D:\react-prac\my-react-app\slot-machine\src\view\slotContainer.js
FN:8,(anonymous_0)
FN:14,(anonymous_1)
FN:16,(anonymous_2)
FN:51,(anonymous_3)
FN:60,(anonymous_4)
FN:68,(anonymous_5)
FN:71,(anonymous_6)
FNF:7
FNH:3
FNDA:6,(anonymous_0)
FNDA:6,(anonymous_1)
FNDA:15,(anonymous_2)
FNDA:0,(anonymous_3)
FNDA:0,(anonymous_4)
FNDA:0,(anonymous_5)
FNDA:0,(anonymous_6)
DA:9,6
DA:15,6
DA:16,6
DA:17,15
DA:21,6
DA:52,0
DA:61,0
DA:69,0
DA:72,0
LF:9
LH:5
BRDA:28,0,0,2
BRDA:28,0,1,4
BRDA:34,1,0,4
BRDA:34,1,1,2
BRDA:40,2,0,2
BRDA:40,2,1,4
BRF:6
BRH:6
end_of_record
